From https://github.com/lysanderl-glitch/obsidian-knowledge
 * branch            master     -> FETCH_HEAD
   efca23b..93d7c3c  master     -> origin/master
Updating efca23b..93d7c3c
Fast-forward
 .obsidian/workspace.json | 4 +++-
 1 file changed, 3 insertions(+), 1 deletion(-)
Everything up-to-date
From https://github.com/lysanderl-glitch/obsidian-knowledge
 * branch            master     -> FETCH_HEAD
Already up to date.
Everything up-to-date
From https://github.com/lysanderl-glitch/obsidian-knowledge
 * branch            master     -> FETCH_HEAD
Already up to date.
Everything up-to-date
From https://github.com/lysanderl-glitch/obsidian-knowledge
 * branch            master     -> FETCH_HEAD
Already up to date.
Everything up-to-date
From https://github.com/lysanderl-glitch/obsidian-knowledge
 * branch            master     -> FETCH_HEAD
Already up to date.
Everything up-to-date
From https://github.com/lysanderl-glitch/obsidian-knowledge
 * branch            master     -> FETCH_HEAD
Already up to date.
Everything up-to-date
From https://github.com/lysanderl-glitch/obsidian-knowledge
 * branch            master     -> FETCH_HEAD
Already up to date.
Everything up-to-date
From https://github.com/lysanderl-glitch/obsidian-knowledge
 * branch            master     -> FETCH_HEAD
Already up to date.
Everything up-to-date
From https://github.com/lysanderl-glitch/obsidian-knowledge
 * branch            master     -> FETCH_HEAD
Already up to date.
Everything up-to-date
From https://github.com/lysanderl-glitch/obsidian-knowledge
 * branch            master     -> FETCH_HEAD
Already up to date.
Everything up-to-date
From https://github.com/lysanderl-glitch/obsidian-knowledge
 * branch            master     -> FETCH_HEAD
Already up to date.
Everything up-to-date
From https://github.com/lysanderl-glitch/obsidian-knowledge
 * branch            master     -> FETCH_HEAD
Already up to date.
Everything up-to-date
From https://github.com/lysanderl-glitch/obsidian-knowledge
 * branch            master     -> FETCH_HEAD
Already up to date.
Everything up-to-date
From https://github.com/lysanderl-glitch/obsidian-knowledge
 * branch            master     -> FETCH_HEAD
Already up to date.
Everything up-to-date
From https://github.com/lysanderl-glitch/obsidian-knowledge
 * branch            master     -> FETCH_HEAD
Already up to date.
Everything up-to-date
From https://github.com/lysanderl-glitch/obsidian-knowledge
 * branch            master     -> FETCH_HEAD
Already up to date.
Everything up-to-date
From https://github.com/lysanderl-glitch/obsidian-knowledge
 * branch            master     -> FETCH_HEAD
Already up to date.
Everything up-to-date
From https://github.com/lysanderl-glitch/obsidian-knowledge
 * branch            master     -> FETCH_HEAD
Already up to date.
Everything up-to-date
From https://github.com/lysanderl-glitch/obsidian-knowledge
 * branch            master     -> FETCH_HEAD
Already up to date.
Everything up-to-date
From https://github.com/lysanderl-glitch/obsidian-knowledge
 * branch            master     -> FETCH_HEAD
Already up to date.
Everything up-to-date
From https://github.com/lysanderl-glitch/obsidian-knowledge
 * branch            master     -> FETCH_HEAD
Already up to date.
Everything up-to-date
From https://github.com/lysanderl-glitch/obsidian-knowledge
 * branch            master     -> FETCH_HEAD
Already up to date.
Everything up-to-date
From https://github.com/lysanderl-glitch/obsidian-knowledge
 * branch            master     -> FETCH_HEAD
Already up to date.
Everything up-to-date
From https://github.com/lysanderl-glitch/obsidian-knowledge
 * branch            master     -> FETCH_HEAD
Already up to date.
Everything up-to-date
From https://github.com/lysanderl-glitch/obsidian-knowledge
 * branch            master     -> FETCH_HEAD
Already up to date.
To https://github.com/lysanderl-glitch/obsidian-knowledge.git
   93d7c3c..29fcb7a  master -> master
From https://github.com/lysanderl-glitch/obsidian-knowledge
 * branch            master     -> FETCH_HEAD
Already up to date.
Everything up-to-date
From https://github.com/lysanderl-glitch/obsidian-knowledge
 * branch            master     -> FETCH_HEAD
Already up to date.
Everything up-to-date
